<?xml version="1.0" encoding="UTF-8"?>
<testsuite name="com.bookstore.bookinventory.controller.BookSearchControllerTest" tests="1" skipped="0" failures="0" errors="0" timestamp="2025-06-20T11:19:58.847Z" hostname="INCHEL-8WFYB24" time="0.842">
  <properties/>
  <testcase name="searchBooks returns paged result()" classname="com.bookstore.bookinventory.controller.BookSearchControllerTest" time="0.842"/>
  <system-out><![CDATA[]]></system-out>
  <system-err><![CDATA[]]></system-err>
</testsuite>
