<?xml version="1.0" encoding="UTF-8"?>
<testsuite name="com.bookstore.bookinventory.service.BookSearchServiceTest" tests="1" skipped="0" failures="0" errors="0" timestamp="2025-06-20T11:20:01.686Z" hostname="INCHEL-8WFYB24" time="2.515">
  <properties/>
  <testcase name="searchBooks returns correct price and quantity()" classname="com.bookstore.bookinventory.service.BookSearchServiceTest" time="2.515"/>
  <system-out><![CDATA[]]></system-out>
  <system-err><![CDATA[]]></system-err>
</testsuite>
