<?xml version="1.0" encoding="UTF-8"?>
<testsuite name="com.bookstore.usermanagement.exception.GlobalExceptionHandlerTest" tests="4" skipped="0" failures="0" errors="0" timestamp="2025-06-20T11:48:17.077Z" hostname="INCHEL-8WFYB24" time="0.058">
  <properties/>
  <testcase name="handleGenericException should handle null message()" classname="com.bookstore.usermanagement.exception.GlobalExceptionHandlerTest" time="0.029"/>
  <testcase name="handleResponseStatusException should handle conflict status()" classname="com.bookstore.usermanagement.exception.GlobalExceptionHandlerTest" time="0.014"/>
  <testcase name="handleResponseStatusException should return correct status and message()" classname="com.bookstore.usermanagement.exception.GlobalExceptionHandlerTest" time="0.003"/>
  <testcase name="handleGenericException should return 500 status()" classname="com.bookstore.usermanagement.exception.GlobalExceptionHandlerTest" time="0.002"/>
  <system-out><![CDATA[]]></system-out>
  <system-err><![CDATA[]]></system-err>
</testsuite>
