<?xml version="1.0" encoding="UTF-8"?>
<testsuite name="com.bookstore.usermanagement.security.JwtUtilTest" tests="11" skipped="0" failures="0" errors="0" timestamp="2025-06-20T11:48:17.190Z" hostname="INCHEL-8WFYB24" time="3.868">
  <properties/>
  <testcase name="extractRoles should throw exception for invalid token()" classname="com.bookstore.usermanagement.security.JwtUtilTest" time="0.277"/>
  <testcase name="extractUsername should return correct username from token()" classname="com.bookstore.usermanagement.security.JwtUtilTest" time="0.303"/>
  <testcase name="validateToken should throw exception for invalid token()" classname="com.bookstore.usermanagement.security.JwtUtilTest" time="0.023"/>
  <testcase name="generateToken should create valid JWT token()" classname="com.bookstore.usermanagement.security.JwtUtilTest" time="0.042"/>
  <testcase name="validateToken should return false for different username()" classname="com.bookstore.usermanagement.security.JwtUtilTest" time="0.021"/>
  <testcase name="validateToken should return true for valid token()" classname="com.bookstore.usermanagement.security.JwtUtilTest" time="0.031"/>
  <testcase name="extractRoles should return correct roles from token()" classname="com.bookstore.usermanagement.security.JwtUtilTest" time="0.019"/>
  <testcase name="validateToken should throw exception for expired token()" classname="com.bookstore.usermanagement.security.JwtUtilTest" time="2.033"/>
  <testcase name="extractRoles should return empty list when no roles in token()" classname="com.bookstore.usermanagement.security.JwtUtilTest" time="0.011"/>
  <testcase name="extractUsername should throw exception for invalid token()" classname="com.bookstore.usermanagement.security.JwtUtilTest" time="0.006"/>
  <testcase name="generateToken should create tokens with same content but different timestamps()" classname="com.bookstore.usermanagement.security.JwtUtilTest" time="1.064"/>
  <system-out><![CDATA[]]></system-out>
  <system-err><![CDATA[]]></system-err>
</testsuite>
