<?xml version="1.0" encoding="UTF-8"?>
<testsuite name="com.bookstore.usermanagement.service.AdminUserServiceTest" tests="12" skipped="0" failures="0" errors="0" timestamp="2025-06-20T11:48:21.069Z" hostname="INCHEL-8WFYB24" time="0.817">
  <properties/>
  <testcase name="updateAdmin should throw exception when user is not admin()" classname="com.bookstore.usermanagement.service.AdminUserServiceTest" time="0.358"/>
  <testcase name="addAdmin should throw exception when username already exists()" classname="com.bookstore.usermanagement.service.AdminUserServiceTest" time="0.023"/>
  <testcase name="deleteAdmin should throw exception when admin not found()" classname="com.bookstore.usermanagement.service.AdminUserServiceTest" time="0.032"/>
  <testcase name="deleteAdmin should throw exception when user is not admin()" classname="com.bookstore.usermanagement.service.AdminUserServiceTest" time="0.04"/>
  <testcase name="getAdmin should throw exception when user is not admin()" classname="com.bookstore.usermanagement.service.AdminUserServiceTest" time="0.038"/>
  <testcase name="updateAdmin should update existing admin successfully()" classname="com.bookstore.usermanagement.service.AdminUserServiceTest" time="0.082"/>
  <testcase name="listAdmins should return only admin users()" classname="com.bookstore.usermanagement.service.AdminUserServiceTest" time="0.026"/>
  <testcase name="getAdmin should throw exception when admin not found()" classname="com.bookstore.usermanagement.service.AdminUserServiceTest" time="0.02"/>
  <testcase name="getAdmin should return admin user when found()" classname="com.bookstore.usermanagement.service.AdminUserServiceTest" time="0.027"/>
  <testcase name="addAdmin should create new admin user successfully()" classname="com.bookstore.usermanagement.service.AdminUserServiceTest" time="0.086"/>
  <testcase name="updateAdmin should throw exception when admin not found()" classname="com.bookstore.usermanagement.service.AdminUserServiceTest" time="0.03"/>
  <testcase name="deleteAdmin should delete existing admin successfully()" classname="com.bookstore.usermanagement.service.AdminUserServiceTest" time="0.025"/>
  <system-out><![CDATA[17:18:21.099 [Test worker] INFO com.bookstore.usermanagement.service.AdminUserService -- Request to update admin user with id: 1
17:18:21.119 [Test worker] WARN com.bookstore.usermanagement.service.AdminUserService -- Not an admin user for id: 1
17:18:21.437 [Test worker] INFO com.bookstore.usermanagement.service.AdminUserService -- Request to add admin user: existingadmin
17:18:21.437 [Test worker] WARN com.bookstore.usermanagement.service.AdminUserService -- Username already exists: existingadmin
17:18:21.466 [Test worker] INFO com.bookstore.usermanagement.service.AdminUserService -- Request to delete admin user with id: 999
17:18:21.469 [Test worker] WARN com.bookstore.usermanagement.service.AdminUserService -- Admin user not found for id: 999
17:18:21.502 [Test worker] INFO com.bookstore.usermanagement.service.AdminUserService -- Request to delete admin user with id: 1
17:18:21.503 [Test worker] WARN com.bookstore.usermanagement.service.AdminUserService -- Not an admin user for id: 1
17:18:21.537 [Test worker] INFO com.bookstore.usermanagement.service.AdminUserService -- Fetching admin user with id: 1
17:18:21.553 [Test worker] WARN com.bookstore.usermanagement.service.AdminUserService -- Admin user not found for id: 1
17:18:21.611 [Test worker] INFO com.bookstore.usermanagement.service.AdminUserService -- Request to update admin user with id: 1
17:18:21.613 [Test worker] INFO com.bookstore.usermanagement.service.AdminUserService -- Updating admin user with id: 1
17:18:21.669 [Test worker] INFO com.bookstore.usermanagement.service.AdminUserService -- Listing all admin users
17:18:21.689 [Test worker] INFO com.bookstore.usermanagement.service.AdminUserService -- Fetching admin user with id: 999
17:18:21.689 [Test worker] WARN com.bookstore.usermanagement.service.AdminUserService -- Admin user not found for id: 999
17:18:21.716 [Test worker] INFO com.bookstore.usermanagement.service.AdminUserService -- Fetching admin user with id: 1
17:18:21.783 [Test worker] INFO com.bookstore.usermanagement.service.AdminUserService -- Request to add admin user: admin1
17:18:21.793 [Test worker] INFO com.bookstore.usermanagement.service.AdminUserService -- Admin user created successfully: admin1
17:18:21.839 [Test worker] INFO com.bookstore.usermanagement.service.AdminUserService -- Request to update admin user with id: 999
17:18:21.840 [Test worker] WARN com.bookstore.usermanagement.service.AdminUserService -- Admin user not found for id: 999
17:18:21.870 [Test worker] INFO com.bookstore.usermanagement.service.AdminUserService -- Request to delete admin user with id: 1
17:18:21.871 [Test worker] INFO com.bookstore.usermanagement.service.AdminUserService -- Deleting admin user with id: 1
]]></system-out>
  <system-err><![CDATA[]]></system-err>
</testsuite>
