<?xml version="1.0" encoding="UTF-8"?>
<testsuite name="com.bookstore.ordermanagement.controller.CartControllerTest" tests="4" skipped="0" failures="0" errors="0" timestamp="2025-06-20T11:20:29.080Z" hostname="INCHEL-8WFYB24" time="2.998">
  <properties/>
  <testcase name="clearCart returns ok()" classname="com.bookstore.ordermanagement.controller.CartControllerTest" time="2.757"/>
  <testcase name="addToCart returns ok()" classname="com.bookstore.ordermanagement.controller.CartControllerTest" time="0.041"/>
  <testcase name="removeFromCart returns ok()" classname="com.bookstore.ordermanagement.controller.CartControllerTest" time="0.033"/>
  <testcase name="viewCart returns cart response()" classname="com.bookstore.ordermanagement.controller.CartControllerTest" time="0.152"/>
  <system-out><![CDATA[]]></system-out>
  <system-err><![CDATA[]]></system-err>
</testsuite>
