<?xml version="1.0" encoding="UTF-8"?>
<testsuite name="com.bookstore.ordermanagement.controller.OrderControllerTest" tests="5" skipped="0" failures="0" errors="0" timestamp="2025-06-20T11:20:32.259Z" hostname="INCHEL-8WFYB24" time="3.122">
  <properties/>
  <testcase name="confirmPayment returns order response()" classname="com.bookstore.ordermanagement.controller.OrderControllerTest" time="0.347"/>
  <testcase name="createOrder returns order response()" classname="com.bookstore.ordermanagement.controller.OrderControllerTest" time="0.149"/>
  <testcase name="getOrderStatus returns status()" classname="com.bookstore.ordermanagement.controller.OrderControllerTest" time="0.013"/>
  <testcase name="createOrderFromCart returns order response()" classname="com.bookstore.ordermanagement.controller.OrderControllerTest" time="0.02"/>
  <testcase name="getOrderHistory returns list()" classname="com.bookstore.ordermanagement.controller.OrderControllerTest" time="2.583"/>
  <system-out><![CDATA[]]></system-out>
  <system-err><![CDATA[]]></system-err>
</testsuite>
